
> studify@0.1.0 build
> next build

Î“ĂśĂˇ Warning: Next.js inferred your workspace root, but it may not be correct.
 We detected multiple lockfiles and selected the directory of E:\VB\Ew Pitching\package-lock.json as the root directory.
 To silence this warning, set `turbopack.root` in your Next.js config, or consider removing one of the lockfiles if it's not needed.
   See https://nextjs.org/docs/app/api-reference/config/next-config-js/turbopack#root-directory for more information.
 Detected additional lockfiles: 
   * E:\VB\Ew Pitching\studify\package-lock.json

Î“Ă»â–“ Next.js 16.2.2 (Turbopack)
- Environments: .env.local

  Creating an optimized production build ...
Î“ÂŁĂ´ Compiled successfully in 14.1s
  Running TypeScript ...
  Finished TypeScript in 8.4s ...
  Collecting page data using 7 workers ...
  Generating static pages using 7 workers (0/23) ...
  Generating static pages using 7 workers (5/23) 
  Generating static pages using 7 workers (11/23) 
  Generating static pages using 7 workers (17/23) 
Î“ÂŁĂ´ Generating static pages using 7 workers (23/23) in 1955ms
  Finalizing page optimization ...

Route (app)
Î“Ă¶Ă® Î“ĂąĂŻ /
Î“Ă¶ÂŁ Î“ĂąĂŻ /_not-found
Î“Ă¶ÂŁ Î“ĂąĂŻ /analytics
Î“Ă¶ÂŁ â•žĂ† /api/v1/analytics
Î“Ă¶ÂŁ â•žĂ† /api/v1/calendar
Î“Ă¶ÂŁ â•žĂ† /api/v1/courses
Î“Ă¶ÂŁ â•žĂ† /api/v1/courses/[id]
Î“Ă¶ÂŁ â•žĂ† /api/v1/dashboard
Î“Ă¶ÂŁ â•žĂ† /api/v1/deadlines
Î“Ă¶ÂŁ â•žĂ† /api/v1/deadlines/[id]
Î“Ă¶ÂŁ â•žĂ† /api/v1/groups
Î“Ă¶ÂŁ â•žĂ† /api/v1/groups/[id]/messages
Î“Ă¶ÂŁ â•žĂ† /api/v1/notes
Î“Ă¶ÂŁ â•žĂ† /api/v1/notes/[id]
Î“Ă¶ÂŁ â•žĂ† /api/v1/study-planner/generate
Î“Ă¶ÂŁ Î“ĂąĂŻ /calendar
Î“Ă¶ÂŁ Î“ĂąĂŻ /dashboard
Î“Ă¶ÂŁ Î“ĂąĂŻ /deadlines
Î“Ă¶ÂŁ Î“ĂąĂŻ /gpa
Î“Ă¶ÂŁ Î“ĂąĂŻ /groups
Î“Ă¶ÂŁ Î“ĂąĂŻ /login
Î“Ă¶ÂŁ Î“ĂąĂŻ /notes
Î“Ă¶ÂŁ Î“ĂąĂŻ /planner
Î“Ă¶ÂŁ Î“ĂąĂŻ /settings
Î“Ă¶Ă¶ Î“ĂąĂŻ /signup


Î“ĂąĂŻ  (Static)   prerendered as static content
â•žĂ†  (Dynamic)  server-rendered on demand

